# JRE version: OpenJDK Runtime Environment (8.0_242-b01) (build 1.8.0_242-release-1644-b01)
# Java VM: OpenJDK 64-Bit Server VM (25.242-b01 mixed mode windows-amd64 compressed oops)
Heap:
 PSYoungGen      total 61952K, used 30652K [0x00000000d5580000, 0x00000000d9c80000, 0x0000000100000000)
  eden space 51200K, 47% used [0x00000000d5580000,0x00000000d6d5b4f0,0x00000000d8780000)
  from space 10752K, 57% used [0x00000000d8780000,0x00000000d8d93c10,0x00000000d9200000)
  to   space 9728K, 0% used [0x00000000d9300000,0x00000000d9300000,0x00000000d9c80000)
 ParOldGen       total 60928K, used 16262K [0x0000000080000000, 0x0000000083b80000, 0x00000000d5580000)
  object space 60928K, 26% used [0x0000000080000000,0x0000000080fe1ab0,0x0000000083b80000)
 Metaspace       used 38215K, capacity 39434K, committed 39600K, reserved 1083392K
  class space    used 5162K, capacity 5490K, committed 5552K, reserved 1048576K
GC Heap History (10 events):
Event: 4.590 GC heap before
{Heap before GC invocations=9 (full 1):
 PSYoungGen      total 43008K, used 34458K [0x00000000d5580000, 0x00000000d9e80000, 0x0000000100000000)
  eden space 31744K, 100% used [0x00000000d5580000,0x00000000d7480000,0x00000000d7480000)
  from space 11264K, 24% used [0x00000000d7480000,0x00000000d77269c8,0x00000000d7f80000)
  to   space 11776K, 0% used [0x00000000d9300000,0x00000000d9300000,0x00000000d9e80000)
 ParOldGen       total 60928K, used 9661K [0x0000000080000000, 0x0000000083b80000, 0x00000000d5580000)
  object space 60928K, 15% used [0x0000000080000000,0x000000008096f6f8,0x0000000083b80000)
 Metaspace       used 28055K, capacity 28736K, committed 28976K, reserved 1075200K
  class space    used 3876K, capacity 4103K, committed 4144K, reserved 1048576K
Event: 4.594 GC heap after
Heap after GC invocations=9 (full 1):
 PSYoungGen      total 60928K, used 5970K [0x00000000d5580000, 0x00000000d9c80000, 0x0000000100000000)
  eden space 51200K, 0% used [0x00000000d5580000,0x00000000d5580000,0x00000000d8780000)
  from space 9728K, 61% used [0x00000000d9300000,0x00000000d98d48b0,0x00000000d9c80000)
  to   space 10752K, 0% used [0x00000000d8780000,0x00000000d8780000,0x00000000d9200000)
 ParOldGen       total 60928K, used 9669K [0x0000000080000000, 0x0000000083b80000, 0x00000000d5580000)
  object space 60928K, 15% used [0x0000000080000000,0x00000000809716f8,0x0000000083b80000)
 Metaspace       used 28055K, capacity 28736K, committed 28976K, reserved 1075200K
  class space    used 3876K, capacity 4103K, committed 4144K, reserved 1048576K
}
Event: 4.918 GC heap before
{Heap before GC invocations=10 (full 1):
 PSYoungGen      total 60928K, used 57170K [0x00000000d5580000, 0x00000000d9c80000, 0x0000000100000000)
  eden space 51200K, 100% used [0x00000000d5580000,0x00000000d8780000,0x00000000d8780000)
  from space 9728K, 61% used [0x00000000d9300000,0x00000000d98d48b0,0x00000000d9c80000)
  to   space 10752K, 0% used [0x00000000d8780000,0x00000000d8780000,0x00000000d9200000)
 ParOldGen       total 60928K, used 9669K [0x0000000080000000, 0x0000000083b80000, 0x00000000d5580000)
  object space 60928K, 15% used [0x0000000080000000,0x00000000809716f8,0x0000000083b80000)
 Metaspace       used 31700K, capacity 32528K, committed 32816K, reserved 1077248K
  class space    used 4296K, capacity 4565K, committed 4656K, reserved 1048576K
Event: 4.923 GC heap after
Heap after GC invocations=10 (full 1):
 PSYoungGen      total 61952K, used 6945K [0x00000000d5580000, 0x00000000d9c80000, 0x0000000100000000)
  eden space 51200K, 0% used [0x00000000d5580000,0x00000000d5580000,0x00000000d8780000)
  from space 10752K, 64% used [0x00000000d8780000,0x00000000d8e48718,0x00000000d9200000)
  to   space 9728K, 0% used [0x00000000d9300000,0x00000000d9300000,0x00000000d9c80000)
 ParOldGen       total 60928K, used 9677K [0x0000000080000000, 0x0000000083b80000, 0x00000000d5580000)
  object space 60928K, 15% used [0x0000000080000000,0x00000000809736f8,0x0000000083b80000)
 Metaspace       used 31700K, capacity 32528K, committed 32816K, reserved 1077248K
  class space    used 4296K, capacity 4565K, committed 4656K, reserved 1048576K
}
Event: 5.390 GC heap before
{Heap before GC invocations=11 (full 1):
 PSYoungGen      total 61952K, used 43033K [0x00000000d5580000, 0x00000000d9c80000, 0x0000000100000000)
  eden space 51200K, 70% used [0x00000000d5580000,0x00000000d78bdf90,0x00000000d8780000)
  from space 10752K, 64% used [0x00000000d8780000,0x00000000d8e48718,0x00000000d9200000)
  to   space 9728K, 0% used [0x00000000d9300000,0x00000000d9300000,0x00000000d9c80000)
 ParOldGen       total 60928K, used 9677K [0x0000000080000000, 0x0000000083b80000, 0x00000000d5580000)
  object space 60928K, 15% used [0x0000000080000000,0x00000000809736f8,0x0000000083b80000)
 Metaspace       used 34470K, capacity 35408K, committed 35496K, reserved 1079296K
  class space    used 4615K, capacity 4869K, committed 4912K, reserved 1048576K
Event: 5.396 GC heap after
Heap after GC invocations=11 (full 1):
 PSYoungGen      total 60928K, used 5611K [0x00000000d5580000, 0x00000000d9c80000, 0x0000000100000000)
  eden space 51200K, 0% used [0x00000000d5580000,0x00000000d5580000,0x00000000d8780000)
  from space 9728K, 57% used [0x00000000d9300000,0x00000000d987afc0,0x00000000d9c80000)
  to   space 10752K, 0% used [0x00000000d8780000,0x00000000d8780000,0x00000000d9200000)
 ParOldGen       total 60928K, used 12826K [0x0000000080000000, 0x0000000083b80000, 0x00000000d5580000)
  object space 60928K, 21% used [0x0000000080000000,0x0000000080c86a00,0x0000000083b80000)
 Metaspace       used 34470K, capacity 35408K, committed 35496K, reserved 1079296K
  class space    used 4615K, capacity 4869K, committed 4912K, reserved 1048576K
}
Event: 5.396 GC heap before
{Heap before GC invocations=12 (full 2):
 PSYoungGen      total 60928K, used 5611K [0x00000000d5580000, 0x00000000d9c80000, 0x0000000100000000)
  eden space 51200K, 0% used [0x00000000d5580000,0x00000000d5580000,0x00000000d8780000)
  from space 9728K, 57% used [0x00000000d9300000,0x00000000d987afc0,0x00000000d9c80000)
  to   space 10752K, 0% used [0x00000000d8780000,0x00000000d8780000,0x00000000d9200000)
 ParOldGen       total 60928K, used 12826K [0x0000000080000000, 0x0000000083b80000, 0x00000000d5580000)
  object space 60928K, 21% used [0x0000000080000000,0x0000000080c86a00,0x0000000083b80000)
 Metaspace       used 34470K, capacity 35408K, committed 35496K, reserved 1079296K
  class space    used 4615K, capacity 4869K, committed 4912K, reserved 1048576K
Event: 5.426 GC heap after
Heap after GC invocations=12 (full 2):
 PSYoungGen      total 60928K, used 0K [0x00000000d5580000, 0x00000000d9c80000, 0x0000000100000000)
  eden space 51200K, 0% used [0x00000000d5580000,0x00000000d5580000,0x00000000d8780000)
  from space 9728K, 0% used [0x00000000d9300000,0x00000000d9300000,0x00000000d9c80000)
  to   space 10752K, 0% used [0x00000000d8780000,0x00000000d8780000,0x00000000d9200000)
 ParOldGen       total 60928K, used 16254K [0x0000000080000000, 0x0000000083b80000, 0x00000000d5580000)
  object space 60928K, 26% used [0x0000000080000000,0x0000000080fdfab0,0x0000000083b80000)
 Metaspace       used 34470K, capacity 35408K, committed 35496K, reserved 1079296K
  class space    used 4615K, capacity 4869K, committed 4912K, reserved 1048576K
}
Event: 5.848 GC heap before
{Heap before GC invocations=13 (full 2):
 PSYoungGen      total 60928K, used 51200K [0x00000000d5580000, 0x00000000d9c80000, 0x0000000100000000)
  eden space 51200K, 100% used [0x00000000d5580000,0x00000000d8780000,0x00000000d8780000)
  from space 9728K, 0% used [0x00000000d9300000,0x00000000d9300000,0x00000000d9c80000)
  to   space 10752K, 0% used [0x00000000d8780000,0x00000000d8780000,0x00000000d9200000)
 ParOldGen       total 60928K, used 16254K [0x0000000080000000, 0x0000000083b80000, 0x00000000d5580000)
  object space 60928K, 26% used [0x0000000080000000,0x0000000080fdfab0,0x0000000083b80000)
 Metaspace       used 37699K, capacity 38826K, committed 38960K, reserved 1083392K
  class space    used 5085K, capacity 5376K, committed 5424K, reserved 1048576K
Event: 5.855 GC heap after
Heap after GC invocations=13 (full 2):
 PSYoungGen      total 61952K, used 6223K [0x00000000d5580000, 0x00000000d9c80000, 0x0000000100000000)
  eden space 51200K, 0% used [0x00000000d5580000,0x00000000d5580000,0x00000000d8780000)
  from space 10752K, 57% used [0x00000000d8780000,0x00000000d8d93c10,0x00000000d9200000)
  to   space 9728K, 0% used [0x00000000d9300000,0x00000000d9300000,0x00000000d9c80000)
 ParOldGen       total 60928K, used 16262K [0x0000000080000000, 0x0000000083b80000, 0x00000000d5580000)
  object space 60928K, 26% used [0x0000000080000000,0x0000000080fe1ab0,0x0000000083b80000)
 Metaspace       used 37699K, capacity 38826K, committed 38960K, reserved 1083392K
  class space    used 5085K, capacity 5376K, committed 5424K, reserved 1048576K
}

